<?xml version="1.0" encoding="UTF-8"?>
<!-- Generated by org.testng.reporters.JUnitReportReporter -->
<testsuite ignored="1" hostname="Krishnas-Air" failures="0" tests="1" name="test.CreateNewAcountTest" time="0.000" errors="0" timestamp="30 Aug 2022 21:16:46 GMT" skipped="1">
  <testcase classname="test.CreateNewAcountTest" name="CreateNewAcountPageTest" time="0.000">
    <skipped/>
  </testcase> <!-- CreateNewAcountPageTest -->
  <testcase classname="test.BaseTest" name="setUp">
    <skipped/>
  </testcase> <!-- setUp -->
</testsuite> <!-- test.CreateNewAcountTest -->
