<?xml version="1.0" encoding="UTF-8"?>
<!-- Generated by org.testng.reporters.JUnitReportReporter -->
<testsuite ignored="1" hostname="Krishnas-Air" failures="0" tests="1" name="test.HomePageTest" time="0.966" errors="0" timestamp="30 Aug 2022 21:16:46 GMT" skipped="0">
  <testcase classname="test.HomePageTest" name="homepagetest" time="0.966"/>
  <testcase classname="test.BaseTest" name="setUp">
    <skipped/>
  </testcase> <!-- setUp -->
</testsuite> <!-- test.HomePageTest -->
